{
  "RSpec": {
    "coverage": {
      "/Users/clayo/Web-Dev/3-Mod/Final/launch_and_learn_api/spec/test_helper.rb": {
        "lines": [
          1,
          null,
          null
        ]
      },
      "/Users/clayo/Web-Dev/3-Mod/Final/launch_and_learn_api/config/environment.rb": {
        "lines": [
          null,
          1,
          null,
          null,
          1
        ]
      },
      "/Users/clayo/Web-Dev/3-Mod/Final/launch_and_learn_api/config/application.rb": {
        "lines": [
          1,
          null,
          1,
          null,
          1,
          1,
          1,
          1,
          1,
          1,
          1,
          1,
          1,
          1,
          null,
          null,
          null,
          null,
          1,
          null,
          1,
          1,
          null,
          1,
          null,
          null,
          null,
          null,
          null,
          null,
          null,
          null,
          null,
          null,
          null,
          null,
          1,
          null,
          null
        ]
      },
      "/Users/clayo/Web-Dev/3-Mod/Final/launch_and_learn_api/config/boot.rb": {
        "lines": [
          1,
          null,
          1,
          1
        ]
      },
      "/Users/clayo/Web-Dev/3-Mod/Final/launch_and_learn_api/config/environments/test.rb": {
        "lines": [
          1,
          null,
          null,
          null,
          null,
          null,
          null,
          1,
          null,
          null,
          null,
          1,
          null,
          null,
          null,
          null,
          1,
          null,
          null,
          1,
          1,
          null,
          null,
          null,
          null,
          1,
          1,
          1,
          null,
          null,
          1,
          null,
          null,
          1,
          null,
          null,
          1,
          null,
          1,
          null,
          null,
          null,
          null,
          1,
          null,
          null,
          1,
          null,
          null,
          1,
          null,
          null,
          1,
          null,
          null,
          null,
          null,
          null,
          null,
          null
        ]
      },
      "/Users/clayo/Web-Dev/3-Mod/Final/launch_and_learn_api/config/initializers/cors.rb": {
        "lines": [
          null,
          null,
          null,
          null,
          null,
          null,
          null,
          null,
          null,
          null,
          null,
          null,
          null,
          null,
          null,
          null
        ]
      },
      "/Users/clayo/Web-Dev/3-Mod/Final/launch_and_learn_api/config/initializers/filter_parameter_logging.rb": {
        "lines": [
          null,
          null,
          null,
          null,
          null,
          1,
          null,
          null
        ]
      },
      "/Users/clayo/Web-Dev/3-Mod/Final/launch_and_learn_api/config/initializers/inflections.rb": {
        "lines": [
          null,
          null,
          null,
          null,
          null,
          null,
          null,
          null,
          null,
          null,
          null,
          null,
          null,
          null,
          null,
          null
        ]
      },
      "/Users/clayo/Web-Dev/3-Mod/Final/launch_and_learn_api/config/routes.rb": {
        "lines": [
          1,
          null,
          null,
          null,
          null,
          null,
          1,
          1,
          1,
          1,
          1,
          1,
          null,
          null,
          null
        ]
      },
      "/Users/clayo/Web-Dev/3-Mod/Final/launch_and_learn_api/spec/facades/recipe_facade_spec.rb": {
        "lines": [
          1,
          null,
          1,
          1,
          1,
          null,
          null,
          1,
          null,
          1,
          null,
          1,
          null,
          1,
          1,
          1,
          null,
          null,
          null
        ]
      },
      "/Users/clayo/Web-Dev/3-Mod/Final/launch_and_learn_api/spec/models/user_spec.rb": {
        "lines": [
          1,
          null,
          1,
          1,
          2,
          2,
          2,
          null,
          null
        ]
      },
      "/Users/clayo/Web-Dev/3-Mod/Final/launch_and_learn_api/app/models/user.rb": {
        "lines": [
          1,
          null,
          1,
          1,
          null,
          1,
          1,
          1,
          1,
          null,
          null,
          null,
          1,
          null,
          1,
          null,
          1,
          13,
          null,
          null
        ]
      },
      "/Users/clayo/Web-Dev/3-Mod/Final/launch_and_learn_api/app/models/application_record.rb": {
        "lines": [
          1,
          1,
          null
        ]
      },
      "/Users/clayo/Web-Dev/3-Mod/Final/launch_and_learn_api/spec/poros/recipe_poro_spec.rb": {
        "lines": [
          1,
          null,
          1,
          1,
          1,
          null,
          1,
          null,
          null,
          null,
          null,
          null,
          null,
          1,
          null,
          1,
          1,
          null,
          1,
          1,
          1,
          1,
          null,
          null,
          null
        ]
      },
      "/Users/clayo/Web-Dev/3-Mod/Final/launch_and_learn_api/spec/requests/api/v1/requests/learning_resources_requests/index_spec.rb": {
        "lines": [
          1,
          null,
          1,
          1,
          null,
          1,
          null,
          1,
          null,
          1,
          null,
          1,
          null,
          1,
          1,
          1,
          1,
          1,
          1,
          1,
          1,
          1,
          null,
          null,
          1,
          null,
          1,
          null,
          1,
          null,
          1,
          null,
          1,
          1,
          null,
          null
        ]
      },
      "/Users/clayo/Web-Dev/3-Mod/Final/launch_and_learn_api/spec/requests/api/v1/requests/recipe_requests/index_spec.rb": {
        "lines": [
          1,
          null,
          1,
          null,
          1,
          null,
          1,
          null,
          1,
          null,
          1,
          null,
          1,
          null,
          null,
          1,
          1,
          null,
          null,
          1,
          null,
          0,
          null,
          0,
          null,
          0,
          null,
          0,
          null,
          0,
          0,
          null,
          null,
          null,
          null
        ]
      },
      "/Users/clayo/Web-Dev/3-Mod/Final/launch_and_learn_api/spec/requests/api/v1/requests/session_requests/create_spec.rb": {
        "lines": [
          1,
          null,
          1,
          1,
          1,
          null,
          null,
          1,
          null,
          null,
          null,
          null,
          null,
          1,
          null,
          0,
          null,
          0,
          0,
          0,
          0,
          0,
          0,
          0,
          0,
          null,
          null,
          null,
          1,
          null,
          null,
          null,
          null,
          null
        ]
      },
      "/Users/clayo/Web-Dev/3-Mod/Final/launch_and_learn_api/spec/requests/api/v1/requests/user_requests/create_spec.rb": {
        "lines": [
          1,
          null,
          1,
          1,
          null,
          1,
          null,
          null,
          null,
          null,
          null,
          1,
          null,
          1,
          null,
          1,
          1,
          1,
          1,
          1,
          1,
          1,
          1,
          null,
          null,
          null,
          1,
          null,
          1,
          null,
          null,
          null,
          null,
          null,
          1,
          null,
          1,
          null,
          1,
          1,
          1,
          null,
          null,
          null,
          1,
          1,
          null,
          null,
          1,
          null,
          null,
          null,
          null,
          null,
          1,
          null,
          1,
          null,
          1,
          1,
          1,
          null,
          null,
          null
        ]
      },
      "/Users/clayo/Web-Dev/3-Mod/Final/launch_and_learn_api/spec/serializers/recipe_serializer_spec.rb": {
        "lines": [
          1,
          null,
          1,
          1,
          1,
          null,
          1,
          null,
          null,
          null,
          null,
          null,
          1,
          null,
          1,
          null,
          null,
          1,
          null,
          null,
          null,
          null,
          null,
          null,
          null,
          null,
          null,
          null,
          null,
          null
        ]
      },
      "/Users/clayo/Web-Dev/3-Mod/Final/launch_and_learn_api/spec/services/country_service_spec.rb": {
        "lines": [
          1,
          null,
          1,
          1,
          1,
          null,
          1,
          null,
          1,
          1,
          1,
          1,
          null,
          null
        ]
      },
      "/Users/clayo/Web-Dev/3-Mod/Final/launch_and_learn_api/spec/services/recipe_service_spec.rb": {
        "lines": [
          1,
          null,
          1,
          1,
          1,
          null,
          1,
          null,
          1,
          1,
          1,
          1,
          1,
          null,
          null
        ]
      },
      "/Users/clayo/Web-Dev/3-Mod/Final/launch_and_learn_api/app/facade/country_facade.rb": {
        "lines": [
          1,
          1,
          1,
          1,
          1,
          null,
          null,
          null,
          null,
          1,
          3,
          3,
          null,
          null,
          2,
          null,
          null,
          null
        ]
      },
      "/Users/clayo/Web-Dev/3-Mod/Final/launch_and_learn_api/app/services/country_service.rb": {
        "lines": [
          1,
          1,
          5,
          null,
          null,
          1,
          5,
          5,
          null,
          null,
          1,
          1,
          null,
          null,
          1,
          4,
          null,
          null
        ]
      },
      "/Users/clayo/Web-Dev/3-Mod/Final/launch_and_learn_api/app/facade/recipe_facade.rb": {
        "lines": [
          1,
          1,
          2,
          2,
          40,
          40,
          null,
          null,
          null
        ]
      },
      "/Users/clayo/Web-Dev/3-Mod/Final/launch_and_learn_api/app/services/recipe_service.rb": {
        "lines": [
          1,
          1,
          3,
          3,
          3,
          3,
          null,
          null,
          null,
          1,
          3,
          3,
          null,
          null,
          1,
          3,
          null,
          null
        ]
      },
      "/Users/clayo/Web-Dev/3-Mod/Final/launch_and_learn_api/app/poros/recipe.rb": {
        "lines": [
          1,
          1,
          null,
          1,
          42,
          42,
          42,
          42,
          42,
          null,
          null
        ]
      },
      "/Users/clayo/Web-Dev/3-Mod/Final/launch_and_learn_api/app/controllers/api/v1/learning_resources_controller.rb": {
        "lines": [
          1,
          null,
          1,
          2,
          2,
          null,
          null
        ]
      },
      "/Users/clayo/Web-Dev/3-Mod/Final/launch_and_learn_api/app/controllers/application_controller.rb": {
        "lines": [
          1,
          null
        ]
      },
      "/Users/clayo/Web-Dev/3-Mod/Final/launch_and_learn_api/app/facade/learning_resource_facade.rb": {
        "lines": [
          1,
          null,
          1,
          2,
          2,
          2,
          null,
          null
        ]
      },
      "/Users/clayo/Web-Dev/3-Mod/Final/launch_and_learn_api/app/services/video_service.rb": {
        "lines": [
          1,
          null,
          1,
          2,
          2,
          2,
          2,
          null,
          null,
          null,
          1,
          2,
          2,
          null,
          null,
          1,
          2,
          null,
          null
        ]
      },
      "/Users/clayo/Web-Dev/3-Mod/Final/launch_and_learn_api/app/services/image_service.rb": {
        "lines": [
          1,
          null,
          1,
          2,
          2,
          null,
          null,
          null,
          1,
          2,
          2,
          null,
          null,
          1,
          2,
          null,
          null
        ]
      },
      "/Users/clayo/Web-Dev/3-Mod/Final/launch_and_learn_api/app/poros/learning_resource.rb": {
        "lines": [
          1,
          1,
          1,
          2,
          2,
          2,
          2,
          null,
          null,
          1,
          2,
          0,
          null,
          2,
          10,
          null,
          null,
          null,
          null,
          1,
          2,
          1,
          null,
          1,
          null,
          null,
          null
        ]
      },
      "/Users/clayo/Web-Dev/3-Mod/Final/launch_and_learn_api/app/serializers/learning_resource_serializer.rb": {
        "lines": [
          1,
          1,
          1,
          null
        ]
      },
      "/Users/clayo/Web-Dev/3-Mod/Final/launch_and_learn_api/app/controllers/api/v1/recipes_controller.rb": {
        "lines": [
          1,
          1,
          1,
          1,
          0,
          0,
          null,
          1,
          1,
          null,
          null,
          1,
          null,
          null
        ]
      },
      "/Users/clayo/Web-Dev/3-Mod/Final/launch_and_learn_api/app/serializers/recipe_serializer.rb": {
        "lines": [
          1,
          1,
          1,
          null
        ]
      },
      "/Users/clayo/Web-Dev/3-Mod/Final/launch_and_learn_api/app/controllers/api/v1/users_controller.rb": {
        "lines": [
          1,
          null,
          1,
          3,
          3,
          3,
          1,
          2,
          1,
          null,
          1,
          null,
          null,
          null
        ]
      },
      "/Users/clayo/Web-Dev/3-Mod/Final/launch_and_learn_api/app/serializers/user_serializer.rb": {
        "lines": [
          1,
          1,
          1,
          null
        ]
      }
    },
    "timestamp": 1700077884
  }
}
